(python-env-2024) [priscila-do@deigo010907 pcs-test]$ python3 ~/code/1-extractPCS.py mm39 hg38 /flash/MillerU/Priscila/pcs-test/mm39.hg38.all.chain /bucket/MillerU/Priscila/fasta/mm39/chr /bucket/MillerU/Priscila/fasta/hg38/chr /flash/MillerU/Priscila/pcs-test 5
******************************************************
*        PCS (Perfectly conserved sequences)         *
* Extract PCSs from chains (ordered aligned blocks). *
******************************************************
- Reference genome: mm39
- Query genome: hg38
- Chain file: /flash/MillerU/Priscila/pcs-test/mm39.hg38.all.chain
- Directory for FASTA file of mm39: /bucket/MillerU/Priscila/fasta/mm39/chr
- Directory for FASTA file of hg38: /bucket/MillerU/Priscila/fasta/hg38/chr
- Output directory: /flash/MillerU/Priscila/pcs-test
- Minimum size for PCS to be considered: >=5 base pairs.
Reading chains...
Reading chains : t=136.36537051200867
Selecting compatible chains...
Step 0 out of 3311405(0%)
Step 100000 out of 3311405(3%)
Step 200000 out of 3311405(6%)
Step 300000 out of 3311405(9%)
Step 400000 out of 3311405(12%)
Step 500000 out of 3311405(15%)
Step 600000 out of 3311405(18%)
Step 700000 out of 3311405(21%)
Step 800000 out of 3311405(24%)
Step 900000 out of 3311405(27%)
Step 1000000 out of 3311405(30%)
Step 1100000 out of 3311405(33%)
Step 1200000 out of 3311405(36%)
Step 1300000 out of 3311405(39%)
Step 1400000 out of 3311405(42%)
Step 1500000 out of 3311405(45%)
Step 1600000 out of 3311405(48%)
Step 1700000 out of 3311405(51%)
Step 1800000 out of 3311405(54%)
Step 1900000 out of 3311405(57%)
Step 2000000 out of 3311405(60%)
Step 2100000 out of 3311405(63%)
Step 2200000 out of 3311405(66%)
Step 2300000 out of 3311405(69%)
Step 2400000 out of 3311405(72%)
Step 2500000 out of 3311405(75%)
Step 2600000 out of 3311405(78%)
Step 2700000 out of 3311405(81%)
Step 2800000 out of 3311405(84%)
Step 2900000 out of 3311405(87%)
Step 3000000 out of 3311405(90%)
Step 3100000 out of 3311405(93%)
Step 3200000 out of 3311405(96%)
Step 3300000 out of 3311405(99%)
Selecting compatible chains : t=182.21501278877258
Compatible chains: 7589 out of 3311405 (0.23)
Computing PCSs from selected chains...
	Chains in chromosome chr1 (477 chains)
	Computing PCSs from chr1 (total found=3090404 PCSs): t=120.18683695793152
	PCS validation: OK! [Stats: PCSs with large size = 150;PCSs in reverse strand (mm39) = 0;PCSs in reverse strand (hg38) = 150]
Save PCSs per chromosome...
Pickle saved! (/flash/MillerU/Priscila/pcs-test/hg38.mm39.chr1.pcs.pickle)
	Chains in chromosome chr2 (579 chains)
	Computing PCSs from chr2 (total found=3274267 PCSs): t=115.76346206665039
	PCS validation: OK! [Stats: PCSs with large size = 150;PCSs in reverse strand (mm39) = 0;PCSs in reverse strand (hg38) = 150]
Save PCSs per chromosome...
Pickle saved! (/flash/MillerU/Priscila/pcs-test/hg38.mm39.chr2.pcs.pickle)
	Chains in chromosome chr3 (342 chains)
	Computing PCSs from chr3 (total found=2260377 PCSs): t=61.49129343032837
	PCS validation: OK! [Stats: PCSs with large size = 150;PCSs in reverse strand (mm39) = 0;PCSs in reverse strand (hg38) = 150]
Save PCSs per chromosome...
Pickle saved! (/flash/MillerU/Priscila/pcs-test/hg38.mm39.chr3.pcs.pickle)
	Chains in chromosome chr4 (219 chains)
	Computing PCSs from chr4 (total found=1866548 PCSs): t=182.26222944259644
	PCS validation: OK! [Stats: PCSs with large size = 150;PCSs in reverse strand (mm39) = 0;PCSs in reverse strand (hg38) = 150]
Save PCSs per chromosome...
Pickle saved! (/flash/MillerU/Priscila/pcs-test/hg38.mm39.chr4.pcs.pickle)
	Chains in chromosome chr5 (185 chains)
	Computing PCSs from chr5 (total found=2345473 PCSs): t=194.65999698638916
	PCS validation: OK! [Stats: PCSs with large size = 150;PCSs in reverse strand (mm39) = 0;PCSs in reverse strand (hg38) = 150]
Save PCSs per chromosome...
Pickle saved! (/flash/MillerU/Priscila/pcs-test/hg38.mm39.chr5.pcs.pickle)
	Chains in chromosome chr6 (154 chains)
	Computing PCSs from chr6 (total found=2140177 PCSs): t=181.5871503353119
	PCS validation: OK! [Stats: PCSs with large size = 150;PCSs in reverse strand (mm39) = 0;PCSs in reverse strand (hg38) = 150]
Save PCSs per chromosome...
Pickle saved! (/flash/MillerU/Priscila/pcs-test/hg38.mm39.chr6.pcs.pickle)
	Chains in chromosome chr7 (262 chains)
	Computing PCSs from chr7 (total found=1760373 PCSs): t=177.63377285003662
	PCS validation: OK! [Stats: PCSs with large size = 150;PCSs in reverse strand (mm39) = 0;PCSs in reverse strand (hg38) = 150]
Save PCSs per chromosome...
Pickle saved! (/flash/MillerU/Priscila/pcs-test/hg38.mm39.chr7.pcs.pickle)
	Chains in chromosome chr8 (267 chains)
	Computing PCSs from chr8 (total found=1740729 PCSs): t=175.2457103729248
	PCS validation: OK! [Stats: PCSs with large size = 150;PCSs in reverse strand (mm39) = 0;PCSs in reverse strand (hg38) = 150]
Save PCSs per chromosome...
Pickle saved! (/flash/MillerU/Priscila/pcs-test/hg38.mm39.chr8.pcs.pickle)
	Chains in chromosome chr9 (339 chains)
	Computing PCSs from chr9 (total found=1371291 PCSs): t=135.67597675323486
	PCS validation: OK! [Stats: PCSs with large size = 150;PCSs in reverse strand (mm39) = 0;PCSs in reverse strand (hg38) = 150]
Save PCSs per chromosome...
Pickle saved! (/flash/MillerU/Priscila/pcs-test/hg38.mm39.chr9.pcs.pickle)
	Chains in chromosome chr10 (407 chains)
	Computing PCSs from chr10 (total found=1441726 PCSs): t=154.27861976623535
	PCS validation: OK! [Stats: PCSs with large size = 150;PCSs in reverse strand (mm39) = 0;PCSs in reverse strand (hg38) = 150]
Save PCSs per chromosome...
Pickle saved! (/flash/MillerU/Priscila/pcs-test/hg38.mm39.chr10.pcs.pickle)
	Chains in chromosome chr11 (190 chains)
	Computing PCSs from chr11 (total found=1927857 PCSs): t=143.3001594543457
	PCS validation: OK! [Stats: PCSs with large size = 150;PCSs in reverse strand (mm39) = 0;PCSs in reverse strand (hg38) = 150]
Save PCSs per chromosome...
Pickle saved! (/flash/MillerU/Priscila/pcs-test/hg38.mm39.chr11.pcs.pickle)
	Chains in chromosome chr12 (511 chains)
	Computing PCSs from chr12 (total found=1573670 PCSs): t=143.43108081817627
	PCS validation: OK! [Stats: PCSs with large size = 150;PCSs in reverse strand (mm39) = 0;PCSs in reverse strand (hg38) = 150]
Save PCSs per chromosome...
Pickle saved! (/flash/MillerU/Priscila/pcs-test/hg38.mm39.chr12.pcs.pickle)
	Chains in chromosome chr13 (230 chains)
	Computing PCSs from chr13 (total found=1045731 PCSs): t=102.48199248313904
	PCS validation: OK! [Stats: PCSs with large size = 150;PCSs in reverse strand (mm39) = 0;PCSs in reverse strand (hg38) = 150]
Save PCSs per chromosome...
Pickle saved! (/flash/MillerU/Priscila/pcs-test/hg38.mm39.chr13.pcs.pickle)
	Chains in chromosome chr14 (104 chains)
	Computing PCSs from chr14 (total found=1208165 PCSs): t=79.90870404243469
	PCS validation: OK! [Stats: PCSs with large size = 150;PCSs in reverse strand (mm39) = 0;PCSs in reverse strand (hg38) = 150]
Save PCSs per chromosome...
Pickle saved! (/flash/MillerU/Priscila/pcs-test/hg38.mm39.chr14.pcs.pickle)
	Chains in chromosome chr15 (178 chains)
	Computing PCSs from chr15 (total found=1015513 PCSs): t=91.05354380607605
	PCS validation: OK! [Stats: PCSs with large size = 150;PCSs in reverse strand (mm39) = 0;PCSs in reverse strand (hg38) = 150]
Save PCSs per chromosome...
Pickle saved! (/flash/MillerU/Priscila/pcs-test/hg38.mm39.chr15.pcs.pickle)
	Chains in chromosome chr16 (109 chains)
	Computing PCSs from chr16 (total found=931513 PCSs): t=76.45854377746582
	PCS validation: OK! [Stats: PCSs with large size = 150;PCSs in reverse strand (mm39) = 0;PCSs in reverse strand (hg38) = 150]
Save PCSs per chromosome...
Pickle saved! (/flash/MillerU/Priscila/pcs-test/hg38.mm39.chr16.pcs.pickle)
	Chains in chromosome chr17 (134 chains)
	Computing PCSs from chr17 (total found=734501 PCSs): t=72.0199842453003
	PCS validation: OK! [Stats: PCSs with large size = 150;PCSs in reverse strand (mm39) = 0;PCSs in reverse strand (hg38) = 150]
Save PCSs per chromosome...
Pickle saved! (/flash/MillerU/Priscila/pcs-test/hg38.mm39.chr17.pcs.pickle)
	Chains in chromosome chr18 (129 chains)
	Computing PCSs from chr18 (total found=941077 PCSs): t=70.00186824798584
	PCS validation: OK! [Stats: PCSs with large size = 150;PCSs in reverse strand (mm39) = 0;PCSs in reverse strand (hg38) = 150]
Save PCSs per chromosome...
Pickle saved! (/flash/MillerU/Priscila/pcs-test/hg38.mm39.chr18.pcs.pickle)
	Chains in chromosome chr19 (640 chains)
	Computing PCSs from chr19 (total found=397020 PCSs): t=97.53436303138733
	PCS validation: OK! [Stats: PCSs with large size = 150;PCSs in reverse strand (mm39) = 0;PCSs in reverse strand (hg38) = 150]
Save PCSs per chromosome...
Pickle saved! (/flash/MillerU/Priscila/pcs-test/hg38.mm39.chr19.pcs.pickle)
	Chains in chromosome chr20 (40 chains)
	Computing PCSs from chr20 (total found=869842 PCSs): t=59.93760871887207
	PCS validation: OK! [Stats: PCSs with large size = 150;PCSs in reverse strand (mm39) = 0;PCSs in reverse strand (hg38) = 150]
Save PCSs per chromosome...
Pickle saved! (/flash/MillerU/Priscila/pcs-test/hg38.mm39.chr20.pcs.pickle)
	Chains in chromosome chr21 (55 chains)
	Computing PCSs from chr21 (total found=367230 PCSs): t=32.661128997802734
	PCS validation: OK! [Stats: PCSs with large size = 63;PCSs in reverse strand (mm39) = 0;PCSs in reverse strand (hg38) = 150]
Save PCSs per chromosome...
Pickle saved! (/flash/MillerU/Priscila/pcs-test/hg38.mm39.chr21.pcs.pickle)
	Chains in chromosome chr22 (129 chains)
	Computing PCSs from chr22 (total found=319265 PCSs): t=39.76104974746704
	PCS validation: OK! [Stats: PCSs with large size = 103;PCSs in reverse strand (mm39) = 0;PCSs in reverse strand (hg38) = 150]
Save PCSs per chromosome...
Pickle saved! (/flash/MillerU/Priscila/pcs-test/hg38.mm39.chr22.pcs.pickle)
	Chains in chromosome chrX (719 chains)
	Computing PCSs from chrX (total found=1301154 PCSs): t=195.10439586639404
	PCS validation: OK! [Stats: PCSs with large size = 150;PCSs in reverse strand (mm39) = 0;PCSs in reverse strand (hg38) = 150]
Save PCSs per chromosome...
Pickle saved! (/flash/MillerU/Priscila/pcs-test/hg38.mm39.chrX.pcs.pickle)
	Chains in chromosome chrY (139 chains)
	Computing PCSs from chrY (total found=12001 PCSs): t=19.989043951034546
	PCS validation: OK! [Stats: PCSs with large size = 2;PCSs in reverse strand (mm39) = 0;PCSs in reverse strand (hg38) = 150]
Save PCSs per chromosome...
Pickle saved! (/flash/MillerU/Priscila/pcs-test/hg38.mm39.chrY.pcs.pickle)
Stats on time:

	Reading chains 136.36537051200867
	Compatible chains 182.21501278877258
	PCSs from chr1 120.18683695793152
	PCSs from chr2 115.76346206665039
	PCSs from chr3 61.49129343032837
	PCSs from chr4 182.26222944259644
	PCSs from chr5 194.65999698638916
	PCSs from chr6 181.5871503353119
	PCSs from chr7 177.63377285003662
	PCSs from chr8 175.2457103729248
	PCSs from chr9 135.67597675323486
	PCSs from chr10 154.27861976623535
	PCSs from chr11 143.3001594543457
	PCSs from chr12 143.43108081817627
	PCSs from chr13 102.48199248313904
	PCSs from chr14 79.90870404243469
	PCSs from chr15 91.05354380607605
	PCSs from chr16 76.45854377746582
	PCSs from chr17 72.0199842453003
	PCSs from chr18 70.00186824798584
	PCSs from chr19 97.53436303138733
	PCSs from chr20 59.93760871887207
	PCSs from chr21 32.661128997802734
	PCSs from chr22 39.76104974746704
	PCSs from chrX 195.10439586639404
	PCSs from chrY 19.989043951034546
	Total time: 3103.8352103233337
PCS: Done!
